This file contains any messages produced by compilers while
running configure, to aid debugging if configure makes a mistake.

It was created by libcuckoo configure 1.0, which was
generated by GNU Autoconf 2.69.  Invocation command line was

  $ ./configure 

## --------- ##
## Platform. ##
## --------- ##

hostname = yihehuang-LabPC
uname -m = x86_64
uname -r = 3.13.0-32-generic
uname -s = Linux
uname -v = #57-Ubuntu SMP Tue Jul 15 03:51:08 UTC 2014

/usr/bin/uname -p = unknown
/bin/uname -X     = unknown

/bin/arch              = unknown
/usr/bin/arch -k       = unknown
/usr/convex/getsysinfo = unknown
/usr/bin/hostinfo      = unknown
/bin/machine           = unknown
/usr/bin/oslevel       = unknown
/bin/universe          = unknown

PATH: /usr/local/sbin
PATH: /usr/local/bin
PATH: /usr/sbin
PATH: /usr/bin
PATH: /sbin
PATH: /bin
PATH: /usr/games
PATH: /usr/local/games
PATH: /usr/lib/go/bin
PATH: /home/tslilyai/go/bin
PATH: /usr/lib/go/bin
PATH: /home/tslilyai/go/bin


## ----------- ##
## Core tests. ##
## ----------- ##

configure:2463: checking for a BSD-compatible install
configure:2531: result: /usr/bin/install -c
configure:2542: checking whether build environment is sane
configure:2597: result: yes
configure:2635: WARNING: 'missing' script is too old or missing
configure:2748: checking for a thread-safe mkdir -p
configure:2787: result: /bin/mkdir -p
configure:2794: checking for gawk
configure:2824: result: no
configure:2794: checking for mawk
configure:2810: found /usr/bin/mawk
configure:2821: result: mawk
configure:2832: checking whether make sets $(MAKE)
configure:2854: result: yes
configure:2883: checking whether make supports nested variables
configure:2900: result: yes
configure:3047: checking for style of include used by make
configure:3075: result: GNU
configure:3146: checking for gcc
configure:3162: found /usr/bin/gcc
configure:3173: result: gcc
configure:3402: checking for C compiler version
configure:3411: gcc --version >&5
gcc (Ubuntu 4.8.5-2ubuntu1~14.04.1) 4.8.5
Copyright (C) 2015 Free Software Foundation, Inc.
This is free software; see the source for copying conditions.  There is NO
warranty; not even for MERCHANTABILITY or FITNESS FOR A PARTICULAR PURPOSE.

configure:3422: $? = 0
configure:3411: gcc -v >&5
Using built-in specs.
COLLECT_GCC=gcc
COLLECT_LTO_WRAPPER=/usr/lib/gcc/x86_64-linux-gnu/4.8/lto-wrapper
Target: x86_64-linux-gnu
Configured with: ../src/configure -v --with-pkgversion='Ubuntu 4.8.5-2ubuntu1~14.04.1' --with-bugurl=file:///usr/share/doc/gcc-4.8/README.Bugs --enable-languages=c,c++,java,go,d,fortran,objc,obj-c++ --prefix=/usr --program-suffix=-4.8 --enable-shared --enable-linker-build-id --libexecdir=/usr/lib --without-included-gettext --enable-threads=posix --with-gxx-include-dir=/usr/include/c++/4.8 --libdir=/usr/lib --enable-nls --with-sysroot=/ --enable-clocale=gnu --enable-libstdcxx-debug --enable-libstdcxx-time=yes --enable-gnu-unique-object --disable-libmudflap --enable-plugin --with-system-zlib --disable-browser-plugin --enable-java-awt=gtk --enable-gtk-cairo --with-java-home=/usr/lib/jvm/java-1.5.0-gcj-4.8-amd64/jre --enable-java-home --with-jvm-root-dir=/usr/lib/jvm/java-1.5.0-gcj-4.8-amd64 --with-jvm-jar-dir=/usr/lib/jvm-exports/java-1.5.0-gcj-4.8-amd64 --with-arch-directory=amd64 --with-ecj-jar=/usr/share/java/eclipse-ecj.jar --enable-objc-gc --enable-multiarch --disable-werror --with-arch-32=i686 --with-abi=m64 --with-multilib-list=m32,m64,mx32 --with-tune=generic --enable-checking=release --build=x86_64-linux-gnu --host=x86_64-linux-gnu --target=x86_64-linux-gnu
Thread model: posix
gcc version 4.8.5 (Ubuntu 4.8.5-2ubuntu1~14.04.1) 
configure:3422: $? = 0
configure:3411: gcc -V >&5
gcc: error: unrecognized command line option '-V'
gcc: fatal error: no input files
compilation terminated.
configure:3422: $? = 4
configure:3411: gcc -qversion >&5
gcc: error: unrecognized command line option '-qversion'
gcc: fatal error: no input files
compilation terminated.
configure:3422: $? = 4
configure:3442: checking whether the C compiler works
configure:3464: gcc    conftest.c  >&5
configure:3468: $? = 0
configure:3516: result: yes
configure:3519: checking for C compiler default output file name
configure:3521: result: a.out
configure:3527: checking for suffix of executables
configure:3534: gcc -o conftest    conftest.c  >&5
configure:3538: $? = 0
configure:3560: result: 
configure:3582: checking whether we are cross compiling
configure:3590: gcc -o conftest    conftest.c  >&5
configure:3594: $? = 0
configure:3601: ./conftest
configure:3605: $? = 0
configure:3620: result: no
configure:3625: checking for suffix of object files
configure:3647: gcc -c   conftest.c >&5
configure:3651: $? = 0
configure:3672: result: o
configure:3676: checking whether we are using the GNU C compiler
configure:3695: gcc -c   conftest.c >&5
configure:3695: $? = 0
configure:3704: result: yes
configure:3713: checking whether gcc accepts -g
configure:3733: gcc -c -g  conftest.c >&5
configure:3733: $? = 0
configure:3774: result: yes
configure:3791: checking for gcc option to accept ISO C89
configure:3854: gcc  -c   conftest.c >&5
configure:3854: $? = 0
configure:3867: result: none needed
configure:3892: checking whether gcc understands -c and -o together
configure:3914: gcc -c conftest.c -o conftest2.o
configure:3917: $? = 0
configure:3914: gcc -c conftest.c -o conftest2.o
configure:3917: $? = 0
configure:3929: result: yes
configure:3948: checking dependency style of gcc
configure:4059: result: gcc3
configure:4075: checking whether C compiler accepts -O4
configure:4094: gcc -c   -O4  conftest.c >&5
configure:4094: $? = 0
configure:4102: result: yes
configure:4145: checking whether C compiler accepts -DNDEBUG
configure:4164: gcc -c   -DNDEBUG  -O4 conftest.c >&5
configure:4164: $? = 0
configure:4172: result: yes
configure:4246: checking for g++
configure:4262: found /usr/bin/g++
configure:4273: result: g++
configure:4300: checking for C++ compiler version
configure:4309: g++ --version >&5
g++ (Ubuntu 4.8.5-2ubuntu1~14.04.1) 4.8.5
Copyright (C) 2015 Free Software Foundation, Inc.
This is free software; see the source for copying conditions.  There is NO
warranty; not even for MERCHANTABILITY or FITNESS FOR A PARTICULAR PURPOSE.

configure:4320: $? = 0
configure:4309: g++ -v >&5
Using built-in specs.
COLLECT_GCC=g++
COLLECT_LTO_WRAPPER=/usr/lib/gcc/x86_64-linux-gnu/4.8/lto-wrapper
Target: x86_64-linux-gnu
Configured with: ../src/configure -v --with-pkgversion='Ubuntu 4.8.5-2ubuntu1~14.04.1' --with-bugurl=file:///usr/share/doc/gcc-4.8/README.Bugs --enable-languages=c,c++,java,go,d,fortran,objc,obj-c++ --prefix=/usr --program-suffix=-4.8 --enable-shared --enable-linker-build-id --libexecdir=/usr/lib --without-included-gettext --enable-threads=posix --with-gxx-include-dir=/usr/include/c++/4.8 --libdir=/usr/lib --enable-nls --with-sysroot=/ --enable-clocale=gnu --enable-libstdcxx-debug --enable-libstdcxx-time=yes --enable-gnu-unique-object --disable-libmudflap --enable-plugin --with-system-zlib --disable-browser-plugin --enable-java-awt=gtk --enable-gtk-cairo --with-java-home=/usr/lib/jvm/java-1.5.0-gcj-4.8-amd64/jre --enable-java-home --with-jvm-root-dir=/usr/lib/jvm/java-1.5.0-gcj-4.8-amd64 --with-jvm-jar-dir=/usr/lib/jvm-exports/java-1.5.0-gcj-4.8-amd64 --with-arch-directory=amd64 --with-ecj-jar=/usr/share/java/eclipse-ecj.jar --enable-objc-gc --enable-multiarch --disable-werror --with-arch-32=i686 --with-abi=m64 --with-multilib-list=m32,m64,mx32 --with-tune=generic --enable-checking=release --build=x86_64-linux-gnu --host=x86_64-linux-gnu --target=x86_64-linux-gnu
Thread model: posix
gcc version 4.8.5 (Ubuntu 4.8.5-2ubuntu1~14.04.1) 
configure:4320: $? = 0
configure:4309: g++ -V >&5
g++: error: unrecognized command line option '-V'
g++: fatal error: no input files
compilation terminated.
configure:4320: $? = 4
configure:4309: g++ -qversion >&5
g++: error: unrecognized command line option '-qversion'
g++: fatal error: no input files
compilation terminated.
configure:4320: $? = 4
configure:4324: checking whether we are using the GNU C++ compiler
configure:4343: g++ -c   -O4 -DNDEBUG conftest.cpp >&5
configure:4343: $? = 0
configure:4352: result: yes
configure:4361: checking whether g++ accepts -g
configure:4381: g++ -c -g  -O4 -DNDEBUG conftest.cpp >&5
configure:4381: $? = 0
configure:4422: result: yes
configure:4447: checking dependency style of g++
configure:4558: result: gcc3
configure:4574: checking whether C++ compiler accepts -std=c++0x
configure:4593: g++ -c   -std=c++0x  -O4 -DNDEBUG conftest.cpp >&5
configure:4593: $? = 0
configure:4601: result: yes
configure:4609: checking whether C++ compiler accepts -stdlib=libc++
configure:4628: g++ -c  -std=c++0x  -stdlib=libc++  -O4 -DNDEBUG conftest.cpp >&5
g++: error: unrecognized command line option '-stdlib=libc++'
configure:4628: $? = 1
configure: failed program was:
| /* confdefs.h */
| #define PACKAGE_NAME "libcuckoo"
| #define PACKAGE_TARNAME "libcuckoo"
| #define PACKAGE_VERSION "1.0"
| #define PACKAGE_STRING "libcuckoo 1.0"
| #define PACKAGE_BUGREPORT "fawn-dev@mailman.srv.cs.cmu.edu"
| #define PACKAGE_URL ""
| #define PACKAGE "libcuckoo"
| #define VERSION "1.0"
| /* end confdefs.h.  */
| 
| int
| main ()
| {
| 
|   ;
|   return 0;
| }
configure:4636: result: no
configure:4644: checking whether C++ compiler accepts -Wall
configure:4663: g++ -c  -std=c++0x  -Wall  -O4 -DNDEBUG conftest.cpp >&5
configure:4663: $? = 0
configure:4671: result: yes
configure:4799: checking for C++ compiler version
configure:4808: g++ --version >&5
g++ (Ubuntu 4.8.5-2ubuntu1~14.04.1) 4.8.5
Copyright (C) 2015 Free Software Foundation, Inc.
This is free software; see the source for copying conditions.  There is NO
warranty; not even for MERCHANTABILITY or FITNESS FOR A PARTICULAR PURPOSE.

configure:4819: $? = 0
configure:4808: g++ -v >&5
Using built-in specs.
COLLECT_GCC=g++
COLLECT_LTO_WRAPPER=/usr/lib/gcc/x86_64-linux-gnu/4.8/lto-wrapper
Target: x86_64-linux-gnu
Configured with: ../src/configure -v --with-pkgversion='Ubuntu 4.8.5-2ubuntu1~14.04.1' --with-bugurl=file:///usr/share/doc/gcc-4.8/README.Bugs --enable-languages=c,c++,java,go,d,fortran,objc,obj-c++ --prefix=/usr --program-suffix=-4.8 --enable-shared --enable-linker-build-id --libexecdir=/usr/lib --without-included-gettext --enable-threads=posix --with-gxx-include-dir=/usr/include/c++/4.8 --libdir=/usr/lib --enable-nls --with-sysroot=/ --enable-clocale=gnu --enable-libstdcxx-debug --enable-libstdcxx-time=yes --enable-gnu-unique-object --disable-libmudflap --enable-plugin --with-system-zlib --disable-browser-plugin --enable-java-awt=gtk --enable-gtk-cairo --with-java-home=/usr/lib/jvm/java-1.5.0-gcj-4.8-amd64/jre --enable-java-home --with-jvm-root-dir=/usr/lib/jvm/java-1.5.0-gcj-4.8-amd64 --with-jvm-jar-dir=/usr/lib/jvm-exports/java-1.5.0-gcj-4.8-amd64 --with-arch-directory=amd64 --with-ecj-jar=/usr/share/java/eclipse-ecj.jar --enable-objc-gc --enable-multiarch --disable-werror --with-arch-32=i686 --with-abi=m64 --with-multilib-list=m32,m64,mx32 --with-tune=generic --enable-checking=release --build=x86_64-linux-gnu --host=x86_64-linux-gnu --target=x86_64-linux-gnu
Thread model: posix
gcc version 4.8.5 (Ubuntu 4.8.5-2ubuntu1~14.04.1) 
configure:4819: $? = 0
configure:4808: g++ -V >&5
g++: error: unrecognized command line option '-V'
g++: fatal error: no input files
compilation terminated.
configure:4819: $? = 4
configure:4808: g++ -qversion >&5
g++: error: unrecognized command line option '-qversion'
g++: fatal error: no input files
compilation terminated.
configure:4819: $? = 4
configure:4823: checking whether we are using the GNU C++ compiler
configure:4851: result: yes
configure:4860: checking whether g++ accepts -g
configure:4921: result: yes
configure:4946: checking dependency style of g++
configure:5057: result: gcc3
configure:5103: checking build system type
configure:5117: result: x86_64-unknown-linux-gnu
configure:5137: checking host system type
configure:5150: result: x86_64-unknown-linux-gnu
configure:5191: checking how to print strings
configure:5218: result: printf
configure:5239: checking for a sed that does not truncate output
configure:5303: result: /bin/sed
configure:5321: checking for grep that handles long lines and -e
configure:5379: result: /bin/grep
configure:5384: checking for egrep
configure:5446: result: /bin/grep -E
configure:5451: checking for fgrep
configure:5513: result: /bin/grep -F
configure:5548: checking for ld used by gcc
configure:5615: result: /usr/bin/ld
configure:5622: checking if the linker (/usr/bin/ld) is GNU ld
configure:5637: result: yes
configure:5649: checking for BSD- or MS-compatible name lister (nm)
configure:5698: result: /usr/bin/nm -B
configure:5828: checking the name lister (/usr/bin/nm -B) interface
configure:5835: gcc -c   -O4 -DNDEBUG conftest.c >&5
configure:5838: /usr/bin/nm -B "conftest.o"
configure:5841: output
0000000000000000 B some_variable
configure:5848: result: BSD nm
configure:5851: checking whether ln -s works
configure:5855: result: yes
configure:5863: checking the maximum length of command line arguments
configure:5994: result: 1572864
configure:6011: checking whether the shell understands some XSI constructs
configure:6021: result: yes
configure:6025: checking whether the shell understands "+="
configure:6031: result: yes
configure:6066: checking how to convert x86_64-unknown-linux-gnu file names to x86_64-unknown-linux-gnu format
configure:6106: result: func_convert_file_noop
configure:6113: checking how to convert x86_64-unknown-linux-gnu file names to toolchain format
configure:6133: result: func_convert_file_noop
configure:6140: checking for /usr/bin/ld option to reload object files
configure:6147: result: -r
configure:6221: checking for objdump
configure:6237: found /usr/bin/objdump
configure:6248: result: objdump
configure:6280: checking how to recognize dependent libraries
configure:6478: result: pass_all
configure:6563: checking for dlltool
configure:6593: result: no
configure:6623: checking how to associate runtime and link libraries
configure:6650: result: printf %s\n
configure:6710: checking for ar
configure:6726: found /usr/bin/ar
configure:6737: result: ar
configure:6774: checking for archiver @FILE support
configure:6791: gcc -c   -O4 -DNDEBUG conftest.c >&5
configure:6791: $? = 0
configure:6794: ar cru libconftest.a @conftest.lst >&5
configure:6797: $? = 0
configure:6802: ar cru libconftest.a @conftest.lst >&5
ar: conftest.o: No such file or directory
configure:6805: $? = 1
configure:6817: result: @
configure:6875: checking for strip
configure:6891: found /usr/bin/strip
configure:6902: result: strip
configure:6974: checking for ranlib
configure:6990: found /usr/bin/ranlib
configure:7001: result: ranlib
configure:7103: checking command to parse /usr/bin/nm -B output from gcc object
configure:7223: gcc -c   -O4 -DNDEBUG conftest.c >&5
configure:7226: $? = 0
configure:7230: /usr/bin/nm -B conftest.o \| sed -n -e 's/^.*[ ]\([ABCDGIRSTW][ABCDGIRSTW]*\)[ ][ ]*\([_A-Za-z][_A-Za-z0-9]*\)$/\1 \2 \2/p' | sed '/ __gnu_lto/d' \> conftest.nm
configure:7233: $? = 0
configure:7299: gcc -o conftest   -O4 -DNDEBUG  conftest.c conftstm.o >&5
configure:7302: $? = 0
configure:7340: result: ok
configure:7377: checking for sysroot
configure:7407: result: no
configure:7484: gcc -c   -O4 -DNDEBUG conftest.c >&5
configure:7487: $? = 0
configure:7676: checking for mt
configure:7692: found /bin/mt
configure:7703: result: mt
configure:7726: checking if mt is a manifest tool
configure:7732: mt '-?'
configure:7740: result: no
configure:8382: checking how to run the C preprocessor
configure:8413: gcc -E  -O4 -DNDEBUG conftest.c
configure:8413: $? = 0
configure:8427: gcc -E  -O4 -DNDEBUG conftest.c
conftest.c:11:28: fatal error: ac_nonexistent.h: No such file or directory
 #include <ac_nonexistent.h>
                            ^
compilation terminated.
configure:8427: $? = 1
configure: failed program was:
| /* confdefs.h */
| #define PACKAGE_NAME "libcuckoo"
| #define PACKAGE_TARNAME "libcuckoo"
| #define PACKAGE_VERSION "1.0"
| #define PACKAGE_STRING "libcuckoo 1.0"
| #define PACKAGE_BUGREPORT "fawn-dev@mailman.srv.cs.cmu.edu"
| #define PACKAGE_URL ""
| #define PACKAGE "libcuckoo"
| #define VERSION "1.0"
| /* end confdefs.h.  */
| #include <ac_nonexistent.h>
configure:8452: result: gcc -E
configure:8472: gcc -E  -O4 -DNDEBUG conftest.c
configure:8472: $? = 0
configure:8486: gcc -E  -O4 -DNDEBUG conftest.c
conftest.c:11:28: fatal error: ac_nonexistent.h: No such file or directory
 #include <ac_nonexistent.h>
                            ^
compilation terminated.
configure:8486: $? = 1
configure: failed program was:
| /* confdefs.h */
| #define PACKAGE_NAME "libcuckoo"
| #define PACKAGE_TARNAME "libcuckoo"
| #define PACKAGE_VERSION "1.0"
| #define PACKAGE_STRING "libcuckoo 1.0"
| #define PACKAGE_BUGREPORT "fawn-dev@mailman.srv.cs.cmu.edu"
| #define PACKAGE_URL ""
| #define PACKAGE "libcuckoo"
| #define VERSION "1.0"
| /* end confdefs.h.  */
| #include <ac_nonexistent.h>
configure:8515: checking for ANSI C header files
configure:8535: gcc -c   -O4 -DNDEBUG conftest.c >&5
configure:8535: $? = 0
configure:8608: gcc -o conftest   -O4 -DNDEBUG  conftest.c  >&5
configure:8608: $? = 0
configure:8608: ./conftest
configure:8608: $? = 0
configure:8619: result: yes
configure:8632: checking for sys/types.h
configure:8632: gcc -c   -O4 -DNDEBUG conftest.c >&5
configure:8632: $? = 0
configure:8632: result: yes
configure:8632: checking for sys/stat.h
configure:8632: gcc -c   -O4 -DNDEBUG conftest.c >&5
configure:8632: $? = 0
configure:8632: result: yes
configure:8632: checking for stdlib.h
configure:8632: gcc -c   -O4 -DNDEBUG conftest.c >&5
configure:8632: $? = 0
configure:8632: result: yes
configure:8632: checking for string.h
configure:8632: gcc -c   -O4 -DNDEBUG conftest.c >&5
configure:8632: $? = 0
configure:8632: result: yes
configure:8632: checking for memory.h
configure:8632: gcc -c   -O4 -DNDEBUG conftest.c >&5
configure:8632: $? = 0
configure:8632: result: yes
configure:8632: checking for strings.h
configure:8632: gcc -c   -O4 -DNDEBUG conftest.c >&5
configure:8632: $? = 0
configure:8632: result: yes
configure:8632: checking for inttypes.h
configure:8632: gcc -c   -O4 -DNDEBUG conftest.c >&5
configure:8632: $? = 0
configure:8632: result: yes
configure:8632: checking for stdint.h
configure:8632: gcc -c   -O4 -DNDEBUG conftest.c >&5
configure:8632: $? = 0
configure:8632: result: yes
configure:8632: checking for unistd.h
configure:8632: gcc -c   -O4 -DNDEBUG conftest.c >&5
configure:8632: $? = 0
configure:8632: result: yes
configure:8646: checking for dlfcn.h
configure:8646: gcc -c   -O4 -DNDEBUG conftest.c >&5
configure:8646: $? = 0
configure:8646: result: yes
configure:8862: checking for objdir
configure:8877: result: .libs
configure:9148: checking if gcc supports -fno-rtti -fno-exceptions
configure:9166: gcc -c   -O4 -DNDEBUG -fno-rtti -fno-exceptions conftest.c >&5
cc1: warning: command line option '-fno-rtti' is valid for C++/ObjC++ but not for C [enabled by default]
configure:9170: $? = 0
configure:9183: result: no
configure:9510: checking for gcc option to produce PIC
configure:9517: result: -fPIC -DPIC
configure:9525: checking if gcc PIC flag -fPIC -DPIC works
configure:9543: gcc -c   -O4 -DNDEBUG -fPIC -DPIC -DPIC conftest.c >&5
configure:9547: $? = 0
configure:9560: result: yes
configure:9589: checking if gcc static flag -static works
configure:9617: result: yes
configure:9632: checking if gcc supports -c -o file.o
configure:9653: gcc -c   -O4 -DNDEBUG -o out/conftest2.o conftest.c >&5
configure:9657: $? = 0
configure:9679: result: yes
configure:9687: checking if gcc supports -c -o file.o
configure:9734: result: yes
configure:9767: checking whether the gcc linker (/usr/bin/ld -m elf_x86_64) supports shared libraries
configure:10924: result: yes
configure:10961: checking whether -lc should be explicitly linked in
configure:10969: gcc -c   -O4 -DNDEBUG conftest.c >&5
configure:10972: $? = 0
configure:10987: gcc -shared  -fPIC -DPIC conftest.o  -v -Wl,-soname -Wl,conftest -o conftest 2\>\&1 \| /bin/grep  -lc  \>/dev/null 2\>\&1
configure:10990: $? = 0
configure:11004: result: no
configure:11164: checking dynamic linker characteristics
configure:11664: gcc -o conftest   -O4 -DNDEBUG  -Wl,-rpath -Wl,/foo conftest.c  >&5
configure:11664: $? = 0
configure:11898: result: GNU/Linux ld.so
configure:12005: checking how to hardcode library paths into programs
configure:12030: result: immediate
configure:12570: checking whether stripping libraries is possible
configure:12575: result: yes
configure:12610: checking if libtool supports shared libraries
configure:12612: result: yes
configure:12615: checking whether to build shared libraries
configure:12636: result: yes
configure:12639: checking whether to build static libraries
configure:12643: result: yes
configure:12666: checking how to run the C++ preprocessor
configure:12693: g++ -E  -O4 -DNDEBUG conftest.cpp
configure:12693: $? = 0
configure:12707: g++ -E  -O4 -DNDEBUG conftest.cpp
conftest.cpp:23:28: fatal error: ac_nonexistent.h: No such file or directory
 #include <ac_nonexistent.h>
                            ^
compilation terminated.
configure:12707: $? = 1
configure: failed program was:
| /* confdefs.h */
| #define PACKAGE_NAME "libcuckoo"
| #define PACKAGE_TARNAME "libcuckoo"
| #define PACKAGE_VERSION "1.0"
| #define PACKAGE_STRING "libcuckoo 1.0"
| #define PACKAGE_BUGREPORT "fawn-dev@mailman.srv.cs.cmu.edu"
| #define PACKAGE_URL ""
| #define PACKAGE "libcuckoo"
| #define VERSION "1.0"
| #define STDC_HEADERS 1
| #define HAVE_SYS_TYPES_H 1
| #define HAVE_SYS_STAT_H 1
| #define HAVE_STDLIB_H 1
| #define HAVE_STRING_H 1
| #define HAVE_MEMORY_H 1
| #define HAVE_STRINGS_H 1
| #define HAVE_INTTYPES_H 1
| #define HAVE_STDINT_H 1
| #define HAVE_UNISTD_H 1
| #define HAVE_DLFCN_H 1
| #define LT_OBJDIR ".libs/"
| /* end confdefs.h.  */
| #include <ac_nonexistent.h>
configure:12732: result: g++ -E
configure:12752: g++ -E  -O4 -DNDEBUG conftest.cpp
configure:12752: $? = 0
configure:12766: g++ -E  -O4 -DNDEBUG conftest.cpp
conftest.cpp:23:28: fatal error: ac_nonexistent.h: No such file or directory
 #include <ac_nonexistent.h>
                            ^
compilation terminated.
configure:12766: $? = 1
configure: failed program was:
| /* confdefs.h */
| #define PACKAGE_NAME "libcuckoo"
| #define PACKAGE_TARNAME "libcuckoo"
| #define PACKAGE_VERSION "1.0"
| #define PACKAGE_STRING "libcuckoo 1.0"
| #define PACKAGE_BUGREPORT "fawn-dev@mailman.srv.cs.cmu.edu"
| #define PACKAGE_URL ""
| #define PACKAGE "libcuckoo"
| #define VERSION "1.0"
| #define STDC_HEADERS 1
| #define HAVE_SYS_TYPES_H 1
| #define HAVE_SYS_STAT_H 1
| #define HAVE_STDLIB_H 1
| #define HAVE_STRING_H 1
| #define HAVE_MEMORY_H 1
| #define HAVE_STRINGS_H 1
| #define HAVE_INTTYPES_H 1
| #define HAVE_STDINT_H 1
| #define HAVE_UNISTD_H 1
| #define HAVE_DLFCN_H 1
| #define LT_OBJDIR ".libs/"
| /* end confdefs.h.  */
| #include <ac_nonexistent.h>
configure:12935: checking for ld used by g++
configure:13002: result: /usr/bin/ld -m elf_x86_64
configure:13009: checking if the linker (/usr/bin/ld -m elf_x86_64) is GNU ld
configure:13024: result: yes
configure:13079: checking whether the g++ linker (/usr/bin/ld -m elf_x86_64) supports shared libraries
configure:14081: result: yes
configure:14117: g++ -c  -std=c++0x -Wall  -O4 -DNDEBUG conftest.cpp >&5
configure:14120: $? = 0
configure:14640: checking for g++ option to produce PIC
configure:14647: result: -fPIC -DPIC
configure:14655: checking if g++ PIC flag -fPIC -DPIC works
configure:14673: g++ -c  -std=c++0x -Wall  -O4 -DNDEBUG -fPIC -DPIC -DPIC conftest.cpp >&5
configure:14677: $? = 0
configure:14690: result: yes
configure:14713: checking if g++ static flag -static works
configure:14741: result: yes
configure:14753: checking if g++ supports -c -o file.o
configure:14774: g++ -c  -std=c++0x -Wall  -O4 -DNDEBUG -o out/conftest2.o conftest.cpp >&5
configure:14778: $? = 0
configure:14800: result: yes
configure:14805: checking if g++ supports -c -o file.o
configure:14852: result: yes
configure:14882: checking whether the g++ linker (/usr/bin/ld -m elf_x86_64) supports shared libraries
configure:14921: result: yes
configure:15062: checking dynamic linker characteristics
configure:15730: result: GNU/Linux ld.so
configure:15783: checking how to hardcode library paths into programs
configure:15808: result: immediate
configure:15874: checking for stdbool.h that conforms to C99
configure:15941: gcc -c   -O4 -DNDEBUG conftest.c >&5
configure:15941: $? = 0
configure:15948: result: yes
configure:15950: checking for _Bool
configure:15950: gcc -c   -O4 -DNDEBUG conftest.c >&5
configure:15950: $? = 0
configure:15950: gcc -c   -O4 -DNDEBUG conftest.c >&5
conftest.c: In function 'main':
conftest.c:59:20: error: expected expression before ')' token
 if (sizeof ((_Bool)))
                    ^
configure:15950: $? = 1
configure: failed program was:
| /* confdefs.h */
| #define PACKAGE_NAME "libcuckoo"
| #define PACKAGE_TARNAME "libcuckoo"
| #define PACKAGE_VERSION "1.0"
| #define PACKAGE_STRING "libcuckoo 1.0"
| #define PACKAGE_BUGREPORT "fawn-dev@mailman.srv.cs.cmu.edu"
| #define PACKAGE_URL ""
| #define PACKAGE "libcuckoo"
| #define VERSION "1.0"
| #define STDC_HEADERS 1
| #define HAVE_SYS_TYPES_H 1
| #define HAVE_SYS_STAT_H 1
| #define HAVE_STDLIB_H 1
| #define HAVE_STRING_H 1
| #define HAVE_MEMORY_H 1
| #define HAVE_STRINGS_H 1
| #define HAVE_INTTYPES_H 1
| #define HAVE_STDINT_H 1
| #define HAVE_UNISTD_H 1
| #define HAVE_DLFCN_H 1
| #define LT_OBJDIR ".libs/"
| /* end confdefs.h.  */
| #include <stdio.h>
| #ifdef HAVE_SYS_TYPES_H
| # include <sys/types.h>
| #endif
| #ifdef HAVE_SYS_STAT_H
| # include <sys/stat.h>
| #endif
| #ifdef STDC_HEADERS
| # include <stdlib.h>
| # include <stddef.h>
| #else
| # ifdef HAVE_STDLIB_H
| #  include <stdlib.h>
| # endif
| #endif
| #ifdef HAVE_STRING_H
| # if !defined STDC_HEADERS && defined HAVE_MEMORY_H
| #  include <memory.h>
| # endif
| # include <string.h>
| #endif
| #ifdef HAVE_STRINGS_H
| # include <strings.h>
| #endif
| #ifdef HAVE_INTTYPES_H
| # include <inttypes.h>
| #endif
| #ifdef HAVE_STDINT_H
| # include <stdint.h>
| #endif
| #ifdef HAVE_UNISTD_H
| # include <unistd.h>
| #endif
| int
| main ()
| {
| if (sizeof ((_Bool)))
| 	    return 0;
|   ;
|   return 0;
| }
configure:15950: result: yes
configure:15967: checking for inline
configure:15983: gcc -c   -O4 -DNDEBUG conftest.c >&5
configure:15983: $? = 0
configure:15991: result: inline
configure:16009: checking for uint16_t
configure:16009: gcc -c   -O4 -DNDEBUG conftest.c >&5
configure:16009: $? = 0
configure:16009: result: yes
configure:16021: checking for uint32_t
configure:16021: gcc -c   -O4 -DNDEBUG conftest.c >&5
configure:16021: $? = 0
configure:16021: result: yes
configure:16035: checking for uint64_t
configure:16035: gcc -c   -O4 -DNDEBUG conftest.c >&5
configure:16035: $? = 0
configure:16035: result: yes
configure:16049: checking for uint8_t
configure:16049: gcc -c   -O4 -DNDEBUG conftest.c >&5
configure:16049: $? = 0
configure:16049: result: yes
configure:16066: checking whether gcc needs -traditional
configure:16100: result: no
configure:16109: checking for stdlib.h
configure:16109: result: yes
configure:16119: checking for GNU libc compatible malloc
configure:16143: gcc -o conftest   -O4 -DNDEBUG  conftest.c  >&5
configure:16143: $? = 0
configure:16143: ./conftest
configure:16143: $? = 0
configure:16153: result: yes
configure:16174: checking for working memcmp
configure:16217: gcc -o conftest   -O4 -DNDEBUG  conftest.c  >&5
configure:16217: $? = 0
configure:16217: ./conftest
configure:16217: $? = 0
configure:16227: result: yes
configure:16238: checking for stdlib.h
configure:16238: result: yes
configure:16248: checking for GNU libc compatible realloc
configure:16272: gcc -o conftest   -O4 -DNDEBUG  conftest.c  >&5
configure:16272: $? = 0
configure:16272: ./conftest
configure:16272: $? = 0
configure:16282: result: yes
configure:16306: checking getopt.h usability
configure:16306: gcc -c   -O4 -DNDEBUG conftest.c >&5
configure:16306: $? = 0
configure:16306: result: yes
configure:16306: checking getopt.h presence
configure:16306: gcc -E  -O4 -DNDEBUG conftest.c
configure:16306: $? = 0
configure:16306: result: yes
configure:16306: checking for getopt.h
configure:16306: result: yes
configure:16320: checking for endianness
configure:16347: gcc -o conftest   -O4 -DNDEBUG  conftest.c  >&5
conftest.c: In function 'main':
conftest.c:36:9: warning: incompatible implicit declaration of built-in function 'exit' [enabled by default]
         exit(*c == 1);
         ^
configure:16347: $? = 0
configure:16347: ./conftest
configure:16347: $? = 1
configure: program exited with status 1
configure: failed program was:
| /* confdefs.h */
| #define PACKAGE_NAME "libcuckoo"
| #define PACKAGE_TARNAME "libcuckoo"
| #define PACKAGE_VERSION "1.0"
| #define PACKAGE_STRING "libcuckoo 1.0"
| #define PACKAGE_BUGREPORT "fawn-dev@mailman.srv.cs.cmu.edu"
| #define PACKAGE_URL ""
| #define PACKAGE "libcuckoo"
| #define VERSION "1.0"
| #define STDC_HEADERS 1
| #define HAVE_SYS_TYPES_H 1
| #define HAVE_SYS_STAT_H 1
| #define HAVE_STDLIB_H 1
| #define HAVE_STRING_H 1
| #define HAVE_MEMORY_H 1
| #define HAVE_STRINGS_H 1
| #define HAVE_INTTYPES_H 1
| #define HAVE_STDINT_H 1
| #define HAVE_UNISTD_H 1
| #define HAVE_DLFCN_H 1
| #define LT_OBJDIR ".libs/"
| #define HAVE__BOOL 1
| #define HAVE_STDBOOL_H 1
| #define HAVE_STDLIB_H 1
| #define HAVE_MALLOC 1
| #define HAVE_STDLIB_H 1
| #define HAVE_REALLOC 1
| #define HAVE_GETOPT_H 1
| /* end confdefs.h.  */
| 
| int
| main ()
| {
|         long val = 1;
|         char *c = (char *) &val;
|         exit(*c == 1);
| 
|   ;
|   return 0;
| }
| 
configure:16362: result: little
configure:16494: checking that generated files are newer than configure
configure:16500: result: done
configure:16531: creating ./config.status

## ---------------------- ##
## Running config.status. ##
## ---------------------- ##

This file was extended by libcuckoo config.status 1.0, which was
generated by GNU Autoconf 2.69.  Invocation command line was

  CONFIG_FILES    = 
  CONFIG_HEADERS  = 
  CONFIG_LINKS    = 
  CONFIG_COMMANDS = 
  $ ./config.status 

on yihehuang-LabPC

config.status:1154: creating Makefile
config.status:1154: creating libcuckoo/Makefile
config.status:1154: creating tests/Makefile
config.status:1154: creating examples/Makefile
config.status:1154: creating config.h
config.status:1383: executing depfiles commands
config.status:1383: executing libtool commands

## ---------------- ##
## Cache variables. ##
## ---------------- ##

ac_cv_build=x86_64-unknown-linux-gnu
ac_cv_c_compiler_gnu=yes
ac_cv_c_endian=little
ac_cv_c_inline=inline
ac_cv_c_uint16_t=yes
ac_cv_c_uint32_t=yes
ac_cv_c_uint64_t=yes
ac_cv_c_uint8_t=yes
ac_cv_cxx_compiler_gnu=yes
ac_cv_env_CCC_set=
ac_cv_env_CCC_value=
ac_cv_env_CC_set=
ac_cv_env_CC_value=
ac_cv_env_CFLAGS_set=set
ac_cv_env_CFLAGS_value=' -Wall -std=c99'
ac_cv_env_CPPFLAGS_set=
ac_cv_env_CPPFLAGS_value=
ac_cv_env_CPP_set=
ac_cv_env_CPP_value=
ac_cv_env_CXXCPP_set=
ac_cv_env_CXXCPP_value=
ac_cv_env_CXXFLAGS_set=
ac_cv_env_CXXFLAGS_value=
ac_cv_env_CXX_set=
ac_cv_env_CXX_value=
ac_cv_env_LDFLAGS_set=
ac_cv_env_LDFLAGS_value=
ac_cv_env_LIBS_set=
ac_cv_env_LIBS_value=
ac_cv_env_build_alias_set=
ac_cv_env_build_alias_value=
ac_cv_env_host_alias_set=
ac_cv_env_host_alias_value=
ac_cv_env_target_alias_set=
ac_cv_env_target_alias_value=
ac_cv_func_malloc_0_nonnull=yes
ac_cv_func_memcmp_working=yes
ac_cv_func_realloc_0_nonnull=yes
ac_cv_header_dlfcn_h=yes
ac_cv_header_getopt_h=yes
ac_cv_header_inttypes_h=yes
ac_cv_header_memory_h=yes
ac_cv_header_stdbool_h=yes
ac_cv_header_stdc=yes
ac_cv_header_stdint_h=yes
ac_cv_header_stdlib_h=yes
ac_cv_header_string_h=yes
ac_cv_header_strings_h=yes
ac_cv_header_sys_stat_h=yes
ac_cv_header_sys_types_h=yes
ac_cv_header_unistd_h=yes
ac_cv_host=x86_64-unknown-linux-gnu
ac_cv_objext=o
ac_cv_path_EGREP='/bin/grep -E'
ac_cv_path_FGREP='/bin/grep -F'
ac_cv_path_GREP=/bin/grep
ac_cv_path_SED=/bin/sed
ac_cv_path_install='/usr/bin/install -c'
ac_cv_path_mkdir=/bin/mkdir
ac_cv_prog_AWK=mawk
ac_cv_prog_CPP='gcc -E'
ac_cv_prog_CXXCPP='g++ -E'
ac_cv_prog_ac_ct_AR=ar
ac_cv_prog_ac_ct_CC=gcc
ac_cv_prog_ac_ct_CXX=g++
ac_cv_prog_ac_ct_MANIFEST_TOOL=mt
ac_cv_prog_ac_ct_OBJDUMP=objdump
ac_cv_prog_ac_ct_RANLIB=ranlib
ac_cv_prog_ac_ct_STRIP=strip
ac_cv_prog_cc_c89=
ac_cv_prog_cc_g=yes
ac_cv_prog_cxx_g=yes
ac_cv_prog_gcc_traditional=no
ac_cv_prog_make_make_set=yes
ac_cv_type__Bool=yes
am_cv_CC_dependencies_compiler_type=gcc3
am_cv_CXX_dependencies_compiler_type=gcc3
am_cv_make_support_nested_variables=yes
am_cv_prog_cc_c_o=yes
ax_cv_check_cflags___DNDEBUG=yes
ax_cv_check_cflags___O4=yes
ax_cv_check_cxxflags___Wall=yes
ax_cv_check_cxxflags___std_cpp0x=yes
ax_cv_check_cxxflags___stdlib_libcpp=no
lt_cv_ar_at_file=@
lt_cv_archive_cmds_need_lc=no
lt_cv_deplibs_check_method=pass_all
lt_cv_file_magic_cmd='$MAGIC_CMD'
lt_cv_file_magic_test_file=
lt_cv_ld_reload_flag=-r
lt_cv_nm_interface='BSD nm'
lt_cv_objdir=.libs
lt_cv_path_LD=/usr/bin/ld
lt_cv_path_LDCXX='/usr/bin/ld -m elf_x86_64'
lt_cv_path_NM='/usr/bin/nm -B'
lt_cv_path_mainfest_tool=no
lt_cv_prog_compiler_c_o=yes
lt_cv_prog_compiler_c_o_CXX=yes
lt_cv_prog_compiler_pic='-fPIC -DPIC'
lt_cv_prog_compiler_pic_CXX='-fPIC -DPIC'
lt_cv_prog_compiler_pic_works=yes
lt_cv_prog_compiler_pic_works_CXX=yes
lt_cv_prog_compiler_rtti_exceptions=no
lt_cv_prog_compiler_static_works=yes
lt_cv_prog_compiler_static_works_CXX=yes
lt_cv_prog_gnu_ld=yes
lt_cv_prog_gnu_ldcxx=yes
lt_cv_sharedlib_from_linklib_cmd='printf %s\n'
lt_cv_shlibpath_overrides_runpath=no
lt_cv_sys_global_symbol_pipe='sed -n -e '\''s/^.*[	 ]\([ABCDGIRSTW][ABCDGIRSTW]*\)[	 ][	 ]*\([_A-Za-z][_A-Za-z0-9]*\)$/\1 \2 \2/p'\'' | sed '\''/ __gnu_lto/d'\'''
lt_cv_sys_global_symbol_to_c_name_address='sed -n -e '\''s/^: \([^ ]*\)[ ]*$/  {\"\1\", (void *) 0},/p'\'' -e '\''s/^[ABCDGIRSTW]* \([^ ]*\) \([^ ]*\)$/  {"\2", (void *) \&\2},/p'\'''
lt_cv_sys_global_symbol_to_c_name_address_lib_prefix='sed -n -e '\''s/^: \([^ ]*\)[ ]*$/  {\"\1\", (void *) 0},/p'\'' -e '\''s/^[ABCDGIRSTW]* \([^ ]*\) \(lib[^ ]*\)$/  {"\2", (void *) \&\2},/p'\'' -e '\''s/^[ABCDGIRSTW]* \([^ ]*\) \([^ ]*\)$/  {"lib\2", (void *) \&\2},/p'\'''
lt_cv_sys_global_symbol_to_cdecl='sed -n -e '\''s/^T .* \(.*\)$/extern int \1();/p'\'' -e '\''s/^[ABCDGIRSTW]* .* \(.*\)$/extern char \1;/p'\'''
lt_cv_sys_max_cmd_len=1572864
lt_cv_to_host_file_cmd=func_convert_file_noop
lt_cv_to_tool_file_cmd=func_convert_file_noop

## ----------------- ##
## Output variables. ##
## ----------------- ##

ACLOCAL='aclocal-1.14'
AMDEPBACKSLASH='\'
AMDEP_FALSE='#'
AMDEP_TRUE=''
AMTAR='$${TAR-tar}'
AM_BACKSLASH='\'
AM_DEFAULT_V='$(AM_DEFAULT_VERBOSITY)'
AM_DEFAULT_VERBOSITY='1'
AM_V='$(V)'
AR='ar'
AUTOCONF='autoconf'
AUTOHEADER='autoheader'
AUTOMAKE='automake-1.14'
AWK='mawk'
CC='gcc'
CCDEPMODE='depmode=gcc3'
CFLAGS=''
CPP='gcc -E'
CPPFLAGS=' -O4 -DNDEBUG'
CXX='g++'
CXXCPP='g++ -E'
CXXDEPMODE='depmode=gcc3'
CXXFLAGS=' -std=c++0x -Wall'
CYGPATH_W='echo'
DEFS='-DHAVE_CONFIG_H'
DEPDIR='.deps'
DLLTOOL='false'
DSYMUTIL=''
DUMPBIN=''
ECHO_C=''
ECHO_N='-n'
ECHO_T=''
EGREP='/bin/grep -E'
EXEEXT=''
FGREP='/bin/grep -F'
GREP='/bin/grep'
INSTALL_DATA='${INSTALL} -m 644'
INSTALL_PROGRAM='${INSTALL}'
INSTALL_SCRIPT='${INSTALL}'
INSTALL_STRIP_PROGRAM='$(install_sh) -c -s'
LD='/usr/bin/ld -m elf_x86_64'
LDFLAGS=''
LIBOBJS=''
LIBS=''
LIBTOOL='$(SHELL) $(top_builddir)/libtool'
LIPO=''
LN_S='ln -s'
LTLIBOBJS=''
MAKEINFO='makeinfo'
MANIFEST_TOOL=':'
MKDIR_P='/bin/mkdir -p'
NM='/usr/bin/nm -B'
NMEDIT=''
OBJDUMP='objdump'
OBJEXT='o'
OTOOL64=''
OTOOL=''
PACKAGE='libcuckoo'
PACKAGE_BUGREPORT='fawn-dev@mailman.srv.cs.cmu.edu'
PACKAGE_NAME='libcuckoo'
PACKAGE_STRING='libcuckoo 1.0'
PACKAGE_TARNAME='libcuckoo'
PACKAGE_URL=''
PACKAGE_VERSION='1.0'
PATH_SEPARATOR=':'
RANLIB='ranlib'
SED='/bin/sed'
SET_MAKE=''
SHELL='/bin/bash'
STRIP='strip'
VERSION='1.0'
ac_ct_AR='ar'
ac_ct_CC='gcc'
ac_ct_CXX='g++'
ac_ct_DUMPBIN=''
am__EXEEXT_FALSE=''
am__EXEEXT_TRUE='#'
am__fastdepCC_FALSE='#'
am__fastdepCC_TRUE=''
am__fastdepCXX_FALSE='#'
am__fastdepCXX_TRUE=''
am__include='include'
am__isrc=''
am__leading_dot='.'
am__nodep='_no'
am__quote=''
am__tar='$${TAR-tar} chof - "$$tardir"'
am__untar='$${TAR-tar} xf -'
bindir='${exec_prefix}/bin'
build='x86_64-unknown-linux-gnu'
build_alias=''
build_cpu='x86_64'
build_os='linux-gnu'
build_vendor='unknown'
datadir='${datarootdir}'
datarootdir='${prefix}/share'
docdir='${datarootdir}/doc/${PACKAGE_TARNAME}'
dvidir='${docdir}'
exec_prefix='${prefix}'
host='x86_64-unknown-linux-gnu'
host_alias=''
host_cpu='x86_64'
host_os='linux-gnu'
host_vendor='unknown'
htmldir='${docdir}'
includedir='${prefix}/include'
infodir='${datarootdir}/info'
install_sh='${SHELL} /home/tslilyai/install-sh'
libdir='${exec_prefix}/lib'
libexecdir='${exec_prefix}/libexec'
localedir='${datarootdir}/locale'
localstatedir='${prefix}/var'
mandir='${datarootdir}/man'
mkdir_p='$(MKDIR_P)'
oldincludedir='/usr/include'
pdfdir='${docdir}'
prefix='/usr/local'
program_transform_name='s,x,x,'
psdir='${docdir}'
sbindir='${exec_prefix}/sbin'
sharedstatedir='${prefix}/com'
sysconfdir='${prefix}/etc'
target_alias=''

## ----------- ##
## confdefs.h. ##
## ----------- ##

/* confdefs.h */
#define PACKAGE_NAME "libcuckoo"
#define PACKAGE_TARNAME "libcuckoo"
#define PACKAGE_VERSION "1.0"
#define PACKAGE_STRING "libcuckoo 1.0"
#define PACKAGE_BUGREPORT "fawn-dev@mailman.srv.cs.cmu.edu"
#define PACKAGE_URL ""
#define PACKAGE "libcuckoo"
#define VERSION "1.0"
#define STDC_HEADERS 1
#define HAVE_SYS_TYPES_H 1
#define HAVE_SYS_STAT_H 1
#define HAVE_STDLIB_H 1
#define HAVE_STRING_H 1
#define HAVE_MEMORY_H 1
#define HAVE_STRINGS_H 1
#define HAVE_INTTYPES_H 1
#define HAVE_STDINT_H 1
#define HAVE_UNISTD_H 1
#define HAVE_DLFCN_H 1
#define LT_OBJDIR ".libs/"
#define HAVE__BOOL 1
#define HAVE_STDBOOL_H 1
#define HAVE_STDLIB_H 1
#define HAVE_MALLOC 1
#define HAVE_STDLIB_H 1
#define HAVE_REALLOC 1
#define HAVE_GETOPT_H 1
#define ENDIAN_LITTLE 1

configure: exit 0

## ---------------------- ##
## Running config.status. ##
## ---------------------- ##

This file was extended by libcuckoo config.status 1.0, which was
generated by GNU Autoconf 2.69.  Invocation command line was

  CONFIG_FILES    = 
  CONFIG_HEADERS  = 
  CONFIG_LINKS    = 
  CONFIG_COMMANDS = 
  $ ./config.status config.h

on yihehuang-LabPC

config.status:1154: creating config.h
config.status:1335: config.h is unchanged
